<?xml version="1.0" encoding="UTF-8"?>
<testsuite name="power.DirectConsumerTests" tests="3" skipped="0" failures="0" errors="0" timestamp="2026-09-14T21:29:15.893Z" hostname="74db1e94455f" time="1.024">
  <properties/>
  <testcase name="powerRequestedWithSufficientItems()" classname="power.DirectConsumerTests" time="0.03"/>
  <testcase name="noPowerRequestedWithInsufficientItems()" classname="power.DirectConsumerTests" time="0.001"/>
  <testcase name="noPowerRequestedWithNoItems()" classname="power.DirectConsumerTests" time="0.001"/>
  <system-out><![CDATA[]]></system-out>
  <system-err><![CDATA[]]></system-err>
</testsuite>
