<?xml version="1.0" encoding="UTF-8"?>
<testsuite name="ModTestAllure" tests="1" skipped="0" failures="0" errors="0" timestamp="2026-09-14T21:28:23.768Z" hostname="74db1e94455f" time="5.057">
  <properties/>
  <testcase name="begin()" classname="ModTestAllure" time="5.044"/>
  <system-out><![CDATA[[0b04-04-gaseous-reactor.hjson]: Colors should strings, not numbers. Make sure you have quotes around the value, or they will not be parsed correctly: 'color: 7693000'
[0b04-05-energia-converter.hjson]: Colors should strings, not numbers. Make sure you have quotes around the value, or they will not be parsed correctly: 'color: 7693000'
[0b04-06-vapourization-generator.hjson]: Colors should strings, not numbers. Make sure you have quotes around the value, or they will not be parsed correctly: 'color: 7693000'
[0b04-06-vapourization-generator.hjson]: Colors should strings, not numbers. Make sure you have quotes around the value, or they will not be parsed correctly: 'color: 7693000'
[0b04-06-vapourization-generator.hjson]: Colors should strings, not numbers. Make sure you have quotes around the value, or they will not be parsed correctly: 'color: 7693000'
[0b04-09-ohr-burner.hjson]: Colors should strings, not numbers. Make sure you have quotes around the value, or they will not be parsed correctly: 'color: 7693000'
[0b04-09-ohr-burner.hjson]: Colors should strings, not numbers. Make sure you have quotes around the value, or they will not be parsed correctly: 'color: 7693000'
[0r02-meron.hjson]: Unknown field 'ammoType' for class 'UnitType'
[build-pylon.hjson]: Unknown field 'buildRange' for class 'BuildTurret'
[quasar.hjson]: Unknown field 'health' for class 'ForceFieldAbility'
Content '0b-tremor' isn't in the tech tree, but 'allure-0b-aftershock' requires it to be researched.
Content '0b-tremor' isn't in the tech tree, but 'allure-0b-quake' requires it to be researched.
Modded units: [allure-0b00-00-victory-spawn, allure-0b00-01-reckless-exit, allure-0b00-01-reckless-spawn, allure-0b00-01-reckless-transit, allure-0b00-02-endeavour-exit, allure-0b00-02-endeavour-spawn, allure-0b00-02-endeavour-transit, allure-0b00-03-forefront-spawn, allure-0b00-03-forefront-transit, allure-0b00-04-barricade-spawn, allure-0b00-04-barricade-transit, allure-0b00-05-harmony-exit, allure-0b00-05-harmony-spawn, allure-0b00-05-harmony-transit, allure-0b00-07-ultimatum-spawn, allure-0b00-07-ultimatum-transit, allure-0b00-08-valiance-spawn, allure-0b00-08-valiance-transit, allure-0b00-09-pioneer-spawn, allure-0b00-09-pioneer-transit, allure-0b00-15-leviathan-spawn, allure-0b00-15-leviathan-transit, allure-0b00-16-fearless-exit, allure-0b00-16-fearless-spawn, allure-0b00-16-fearless-transit, allure-0b00-17-hellfire-spawn, allure-0b00-victory, allure-0b01-reckless, allure-0b02-endeavour, allure-0b03-forefront, allure-0b04-barricade, allure-0b05-harmony, allure-0b07-ultimatum, allure-0b08-valiance, allure-0b09-pioneer, allure-0b11-exodus, allure-0b12-unstoppable, allure-0b15-leviathan, allure-0b16-fearless, allure-0b17-hellfire, allure-0bc0-construct, allure-0bc1-recurrence, allure-0bc2-maintenance, allure-0bc3-industrialism, allure-0bs0-small-shield, allure-0bs1-medium-shield, allure-0bs3-shield-boost, allure-0r-repair-drone, allure-0r00-00-13-meras-spawner, allure-0r00-00-14-extelsus-spawner, allure-0r00-01-00-regiia-deamth, allure-0r00-01-07-saiace-deamth, allure-0r00-01-13-meras-deamth, allure-0r00-01-14-extelsus-deamth, allure-0r00-regiia, allure-0r01-kelta, allure-0r02-meron, allure-0r03-calsaten, allure-0r04-bantres, allure-0r05-qsentrex, allure-0r06-pentense, allure-0r07-saiace, allure-0r08-telsenis, allure-0r10-atriasa, allure-0r11-varias, allure-0r13-meras, allure-0r14-extelsus, allure-0rm-ponterx, allure-1s00-acari, allure-1v00-harass, allure-1v06-conflict, allure-1v07-strife, allure-1v08-dispute, allure-1v09-skirmish, allure-1v10-hostility, allure-1v11-war, allure-1v12-oreodytes, allure-1v15-acilius, allure-1v18-bulwark, allure-1v19-palisade, allure-1v24-spark, allure-1v25-wildfire, allure-1v26-ember, allure-1v30-piscicola, allure-1v31-haemopis, allure-1v34-haementeria, allure-2v01-eagle, allure-2v04-cutter, allure-aftermath-singularity, allure-aftermath, allure-aggravate, allure-annihilatron, allure-assault-construction-drone, allure-cleave-missile, allure-concuss, allure-construction-pylon, allure-continued-wrath, allure-defend, allure-discharge-energia, allure-electric-construction-drone, allure-flameUnit, allure-guard, allure-hellfire-death, allure-hellfire-wormhole, allure-infini0, allure-infini1, allure-infini2, allure-infini3, allure-infini4, allure-infini5, allure-infini6, allure-infini7, allure-infini8, allure-infini9, allure-instigate, allure-localize, allure-luminance-lightning, allure-luminance-missile, allure-miss, allure-missile0, allure-missile1, allure-multiply-pulse, allure-occlusion, allure-premonition, allure-protect, allure-qsentrex-missile, allure-rebel-nuke, allure-rebel-trap, allure-reckless-wormhole, allure-regiia-missile, allure-relentless-fury, allure-shield, allure-shootBigUnit, allure-shootUnit, allure-specialist-construction-drone, allure-telsenis-missile-l, allure-telsenis-missile-r, allure-terminate, allure-that-one-doomlaser, allure-the-voices-are-telling-me-to-stop-holding-them-in-the-closet, allure-they-want-your-soul-for-their-cruel-experiments, allure-typhoon, allure-vertex-decoy, allure-victory-death, allure-victory-wormhole, allure-wisp]
]]></system-out>
  <system-err><![CDATA[]]></system-err>
</testsuite>
