<?xml version="1.0" encoding="UTF-8"?>
<testsuite name="ApplicationTests" tests="135" skipped="0" failures="0" errors="0" timestamp="2026-09-14T21:28:30.256Z" hostname="74db1e94455f" time="31.588">
  <properties/>
  <testcase name="[1] null" classname="ApplicationTests" time="0.019"/>
  <testcase name="[2] a" classname="ApplicationTests" time="0.002"/>
  <testcase name="[3] asd asd asd asd asdagagasasjakbgeah;jwrej 23424234" classname="ApplicationTests" time="0.002"/>
  <testcase name="[4] 这个服务器可以用自己的语言说话" classname="ApplicationTests" time="0.001"/>
  <testcase name="[5] &#x1f6a3;" classname="ApplicationTests" time="0.003"/>
  <testcase name="saveLoad()" classname="ApplicationTests" time="0.531"/>
  <testcase name="allPayloadBlockTest()" classname="ApplicationTests" time="0.182"/>
  <testcase name="sorterOutputCorrect()" classname="ApplicationTests" time="0.17"/>
  <testcase name="buildingOverlap()" classname="ApplicationTests" time="0.011"/>
  <testcase name="blockOverlapRemoved()" classname="ApplicationTests" time="0.096"/>
  <testcase name="liquidOutput()" classname="ApplicationTests" time="0.074"/>
  <testcase name="load77Save()" classname="ApplicationTests" time="0.02"/>
  <testcase name="load85Save()" classname="ApplicationTests" time="0.266"/>
  <testcase name="timers()" classname="ApplicationTests" time="0.004"/>
  <testcase name="liquidRouterOutputAll()" classname="ApplicationTests" time="0.126"/>
  <testcase name="longTimers()" classname="ApplicationTests" time="0.473"/>
  <testcase name="writeRules()" classname="ApplicationTests" time="0.007"/>
  <testcase name="playMap()" classname="ApplicationTests" time="0.071"/>
  <testcase name="inventoryDeposit()" classname="ApplicationTests" time="0.019"/>
  <testcase name="blockInventories()" classname="ApplicationTests" time="0.003"/>
  <testcase name="routerOutputAll()" classname="ApplicationTests" time="0.054"/>
  <testcase name="load108Save()" classname="ApplicationTests" time="0.044"/>
  <testcase name="load114Save()" classname="ApplicationTests" time="0.142"/>
  <testcase name="load152Save()" classname="ApplicationTests" time="0.743"/>
  <testcase name="save()" classname="ApplicationTests" time="0.108"/>
  <testcase name="edges()" classname="ApplicationTests" time="0.002"/>
  <testcase name="buildingDestruction()" classname="ApplicationTests" time="0.014"/>
  <testcase name="arrayIterators()" classname="ApplicationTests" time="0.001"/>
  <testcase name="createMap()" classname="ApplicationTests" time="0.001"/>
  <testcase name="multiblock()" classname="ApplicationTests" time="0.003"/>
  <testcase name="spawnWaves()" classname="ApplicationTests" time="0.05"/>
  <testcase name="writeRules2()" classname="ApplicationTests" time="0.007"/>
  <testcase name="liquidJunctionOutput()" classname="ApplicationTests" time="0.06"/>
  <testcase name="groundZero" classname="ApplicationTests" time="0.153"/>
  <testcase name="saltFlats" classname="ApplicationTests" time="0.254"/>
  <testcase name="testingGrounds" classname="ApplicationTests" time="0.276"/>
  <testcase name="frozenForest" classname="ApplicationTests" time="0.088"/>
  <testcase name="biomassFacility" classname="ApplicationTests" time="0.057"/>
  <testcase name="taintedWoods" classname="ApplicationTests" time="0.194"/>
  <testcase name="crateredBattleground" classname="ApplicationTests" time="0.041"/>
  <testcase name="ruinousShores" classname="ApplicationTests" time="0.27"/>
  <testcase name="perilousHarbor" classname="ApplicationTests" time="0.261"/>
  <testcase name="facility32m" classname="ApplicationTests" time="0.132"/>
  <testcase name="windsweptIslands" classname="ApplicationTests" time="0.281"/>
  <testcase name="stainedMountains" classname="ApplicationTests" time="0.047"/>
  <testcase name="extractionOutpost" classname="ApplicationTests" time="0.217"/>
  <testcase name="coastline" classname="ApplicationTests" time="0.409"/>
  <testcase name="weatheredChannels" classname="ApplicationTests" time="0.521"/>
  <testcase name="navalFortress" classname="ApplicationTests" time="0.127"/>
  <testcase name="frontier" classname="ApplicationTests" time="0.071"/>
  <testcase name="fungalPass" classname="ApplicationTests" time="0.123"/>
  <testcase name="infestedCanyons" classname="ApplicationTests" time="0.106"/>
  <testcase name="atolls" classname="ApplicationTests" time="0.572"/>
  <testcase name="sunkenPier" classname="ApplicationTests" time="0.483"/>
  <testcase name="mycelialBastion" classname="ApplicationTests" time="0.174"/>
  <testcase name="overgrowth" classname="ApplicationTests" time="0.185"/>
  <testcase name="tarFields" classname="ApplicationTests" time="0.033"/>
  <testcase name="impact0078" classname="ApplicationTests" time="0.043"/>
  <testcase name="desolateRift" classname="ApplicationTests" time="0.027"/>
  <testcase name="nuclearComplex" classname="ApplicationTests" time="0.053"/>
  <testcase name="littoralShipyard" classname="ApplicationTests" time="0.374"/>
  <testcase name="planetaryTerminal" classname="ApplicationTests" time="0.755"/>
  <testcase name="sector-serpulo-76" classname="ApplicationTests" time="0.311"/>
  <testcase name="sector-serpulo-47" classname="ApplicationTests" time="0.323"/>
  <testcase name="sector-serpulo-225" classname="ApplicationTests" time="0.131"/>
  <testcase name="sector-serpulo-111" classname="ApplicationTests" time="0.672"/>
  <testcase name="sector-serpulo-176" classname="ApplicationTests" time="0.361"/>
  <testcase name="sector-serpulo-13" classname="ApplicationTests" time="0.172"/>
  <testcase name="sector-serpulo-259" classname="ApplicationTests" time="0.274"/>
  <testcase name="sector-serpulo-192" classname="ApplicationTests" time="0.194"/>
  <testcase name="sector-serpulo-127" classname="ApplicationTests" time="0.096"/>
  <testcase name="sector-serpulo-207" classname="ApplicationTests" time="0.148"/>
  <testcase name="sector-serpulo-94" classname="ApplicationTests" time="0.141"/>
  <testcase name="sector-serpulo-16" classname="ApplicationTests" time="0.269"/>
  <testcase name="sector-serpulo-116" classname="ApplicationTests" time="0.178"/>
  <testcase name="sector-serpulo-69" classname="ApplicationTests" time="0.27"/>
  <testcase name="sector-serpulo-92" classname="ApplicationTests" time="0.61"/>
  <testcase name="sector-serpulo-197" classname="ApplicationTests" time="0.169"/>
  <testcase name="sector-serpulo-67" classname="ApplicationTests" time="0.13"/>
  <testcase name="sector-serpulo-180" classname="ApplicationTests" time="0.107"/>
  <testcase name="sector-serpulo-55" classname="ApplicationTests" time="0.231"/>
  <testcase name="sector-serpulo-19" classname="ApplicationTests" time="0.265"/>
  <testcase name="sector-serpulo-200" classname="ApplicationTests" time="0.077"/>
  <testcase name="sector-serpulo-191" classname="ApplicationTests" time="0.191"/>
  <testcase name="sector-serpulo-6" classname="ApplicationTests" time="0.108"/>
  <testcase name="sector-serpulo-265" classname="ApplicationTests" time="0.144"/>
  <testcase name="sector-serpulo-161" classname="ApplicationTests" time="0.079"/>
  <testcase name="sector-serpulo-24" classname="ApplicationTests" time="0.282"/>
  <testcase name="sector-serpulo-263" classname="ApplicationTests" time="0.37"/>
  <testcase name="sector-serpulo-66" classname="ApplicationTests" time="0.098"/>
  <testcase name="sector-serpulo-248" classname="ApplicationTests" time="0.078"/>
  <testcase name="sector-serpulo-133" classname="ApplicationTests" time="0.524"/>
  <testcase name="sector-serpulo-185" classname="ApplicationTests" time="0.065"/>
  <testcase name="sector-serpulo-254" classname="ApplicationTests" time="0.197"/>
  <testcase name="sector-serpulo-0" classname="ApplicationTests" time="0.204"/>
  <testcase name="sector-serpulo-30" classname="ApplicationTests" time="0.144"/>
  <testcase name="sector-serpulo-20" classname="ApplicationTests" time="0.575"/>
  <testcase name="sector-serpulo-162" classname="ApplicationTests" time="0.404"/>
  <testcase name="sector-serpulo-230" classname="ApplicationTests" time="0.685"/>
  <testcase name="sector-serpulo-240" classname="ApplicationTests" time="0.081"/>
  <testcase name="sector-serpulo-202" classname="ApplicationTests" time="0.083"/>
  <testcase name="sector-serpulo-246" classname="ApplicationTests" time="0.313"/>
  <testcase name="sector-serpulo-244" classname="ApplicationTests" time="0.252"/>
  <testcase name="sector-serpulo-242" classname="ApplicationTests" time="0.507"/>
  <testcase name="sector-serpulo-243" classname="ApplicationTests" time="0.885"/>
  <testcase name="sector-serpulo-247" classname="ApplicationTests" time="0.403"/>
  <testcase name="sector-serpulo-245" classname="ApplicationTests" time="0.294"/>
  <testcase name="sector-serpulo-27" classname="ApplicationTests" time="0.47"/>
  <testcase name="fallenVessel" classname="ApplicationTests" time="0.943"/>
  <testcase name="geothermalStronghold" classname="ApplicationTests" time="0.324"/>
  <testcase name="cruxscape" classname="ApplicationTests" time="0.235"/>
  <testcase name="onset" classname="ApplicationTests" time="0.211"/>
  <testcase name="aegis" classname="ApplicationTests" time="0.16"/>
  <testcase name="lake" classname="ApplicationTests" time="0.038"/>
  <testcase name="intersect" classname="ApplicationTests" time="0.134"/>
  <testcase name="atlas" classname="ApplicationTests" time="0.336"/>
  <testcase name="split" classname="ApplicationTests" time="0.108"/>
  <testcase name="basin" classname="ApplicationTests" time="0.375"/>
  <testcase name="marsh" classname="ApplicationTests" time="0.155"/>
  <testcase name="peaks" classname="ApplicationTests" time="0.142"/>
  <testcase name="ravine" classname="ApplicationTests" time="0.1"/>
  <testcase name="caldera-erekir" classname="ApplicationTests" time="0.104"/>
  <testcase name="stronghold" classname="ApplicationTests" time="0.158"/>
  <testcase name="crevice" classname="ApplicationTests" time="0.26"/>
  <testcase name="siege" classname="ApplicationTests" time="0.095"/>
  <testcase name="crossroads" classname="ApplicationTests" time="0.091"/>
  <testcase name="karst" classname="ApplicationTests" time="0.425"/>
  <testcase name="origin" classname="ApplicationTests" time="0.473"/>
  <testcase name="manyTimers()" classname="ApplicationTests" time="0.397"/>
  <testcase name="junctionOutputCorrect()" classname="ApplicationTests" time="0.063"/>
  <testcase name="allBlockTest()" classname="ApplicationTests" time="0.028"/>
  <testcase name="conveyorBench()" classname="ApplicationTests" time="2.113"/>
  <testcase name="conveyorCrash()" classname="ApplicationTests" time="0.046"/>
  <testcase name="load152BESave()" classname="ApplicationTests" time="0.151"/>
  <testcase name="initialization()" classname="ApplicationTests" time="0.001"/>
  <system-out><![CDATA[1262.086ms to process 24702 items
]]></system-out>
  <system-err><![CDATA[]]></system-err>
</testsuite>
