<?xml version="1.0" encoding="UTF-8"?>
<testsuite name="ApplicationTests" tests="135" skipped="0" failures="0" errors="0" timestamp="2026-09-14T17:40:28.893Z" hostname="3f4c19195ccc" time="30.086">
  <properties/>
  <testcase name="[1] null" classname="ApplicationTests" time="0.023"/>
  <testcase name="[2] a" classname="ApplicationTests" time="0.003"/>
  <testcase name="[3] asd asd asd asd asdagagasasjakbgeah;jwrej 23424234" classname="ApplicationTests" time="0.004"/>
  <testcase name="[4] 这个服务器可以用自己的语言说话" classname="ApplicationTests" time="0.001"/>
  <testcase name="[5] &#x1f6a3;" classname="ApplicationTests" time="0.003"/>
  <testcase name="saveLoad()" classname="ApplicationTests" time="0.503"/>
  <testcase name="allPayloadBlockTest()" classname="ApplicationTests" time="0.199"/>
  <testcase name="sorterOutputCorrect()" classname="ApplicationTests" time="0.178"/>
  <testcase name="buildingOverlap()" classname="ApplicationTests" time="0.012"/>
  <testcase name="blockOverlapRemoved()" classname="ApplicationTests" time="0.091"/>
  <testcase name="liquidOutput()" classname="ApplicationTests" time="0.067"/>
  <testcase name="load77Save()" classname="ApplicationTests" time="0.031"/>
  <testcase name="load85Save()" classname="ApplicationTests" time="0.264"/>
  <testcase name="timers()" classname="ApplicationTests" time="0.004"/>
  <testcase name="liquidRouterOutputAll()" classname="ApplicationTests" time="0.086"/>
  <testcase name="longTimers()" classname="ApplicationTests" time="0.567"/>
  <testcase name="writeRules()" classname="ApplicationTests" time="0.01"/>
  <testcase name="playMap()" classname="ApplicationTests" time="0.086"/>
  <testcase name="inventoryDeposit()" classname="ApplicationTests" time="0.021"/>
  <testcase name="blockInventories()" classname="ApplicationTests" time="0.005"/>
  <testcase name="routerOutputAll()" classname="ApplicationTests" time="0.108"/>
  <testcase name="load108Save()" classname="ApplicationTests" time="0.066"/>
  <testcase name="load114Save()" classname="ApplicationTests" time="0.106"/>
  <testcase name="load152Save()" classname="ApplicationTests" time="0.714"/>
  <testcase name="save()" classname="ApplicationTests" time="0.082"/>
  <testcase name="edges()" classname="ApplicationTests" time="0.001"/>
  <testcase name="buildingDestruction()" classname="ApplicationTests" time="0.012"/>
  <testcase name="arrayIterators()" classname="ApplicationTests" time="0.001"/>
  <testcase name="createMap()" classname="ApplicationTests" time="0.002"/>
  <testcase name="multiblock()" classname="ApplicationTests" time="0.002"/>
  <testcase name="spawnWaves()" classname="ApplicationTests" time="0.069"/>
  <testcase name="writeRules2()" classname="ApplicationTests" time="0.017"/>
  <testcase name="liquidJunctionOutput()" classname="ApplicationTests" time="0.029"/>
  <testcase name="groundZero" classname="ApplicationTests" time="0.097"/>
  <testcase name="saltFlats" classname="ApplicationTests" time="0.115"/>
  <testcase name="testingGrounds" classname="ApplicationTests" time="0.149"/>
  <testcase name="frozenForest" classname="ApplicationTests" time="0.053"/>
  <testcase name="biomassFacility" classname="ApplicationTests" time="0.052"/>
  <testcase name="taintedWoods" classname="ApplicationTests" time="0.181"/>
  <testcase name="crateredBattleground" classname="ApplicationTests" time="0.048"/>
  <testcase name="ruinousShores" classname="ApplicationTests" time="0.223"/>
  <testcase name="perilousHarbor" classname="ApplicationTests" time="0.201"/>
  <testcase name="facility32m" classname="ApplicationTests" time="0.11"/>
  <testcase name="windsweptIslands" classname="ApplicationTests" time="0.252"/>
  <testcase name="stainedMountains" classname="ApplicationTests" time="0.045"/>
  <testcase name="extractionOutpost" classname="ApplicationTests" time="0.268"/>
  <testcase name="coastline" classname="ApplicationTests" time="0.276"/>
  <testcase name="weatheredChannels" classname="ApplicationTests" time="0.455"/>
  <testcase name="navalFortress" classname="ApplicationTests" time="0.101"/>
  <testcase name="frontier" classname="ApplicationTests" time="0.074"/>
  <testcase name="fungalPass" classname="ApplicationTests" time="0.049"/>
  <testcase name="infestedCanyons" classname="ApplicationTests" time="0.075"/>
  <testcase name="atolls" classname="ApplicationTests" time="0.657"/>
  <testcase name="sunkenPier" classname="ApplicationTests" time="0.36"/>
  <testcase name="mycelialBastion" classname="ApplicationTests" time="0.132"/>
  <testcase name="overgrowth" classname="ApplicationTests" time="0.148"/>
  <testcase name="tarFields" classname="ApplicationTests" time="0.033"/>
  <testcase name="impact0078" classname="ApplicationTests" time="0.036"/>
  <testcase name="desolateRift" classname="ApplicationTests" time="0.022"/>
  <testcase name="nuclearComplex" classname="ApplicationTests" time="0.045"/>
  <testcase name="littoralShipyard" classname="ApplicationTests" time="0.403"/>
  <testcase name="planetaryTerminal" classname="ApplicationTests" time="0.6"/>
  <testcase name="sector-serpulo-76" classname="ApplicationTests" time="0.312"/>
  <testcase name="sector-serpulo-47" classname="ApplicationTests" time="0.296"/>
  <testcase name="sector-serpulo-225" classname="ApplicationTests" time="0.13"/>
  <testcase name="sector-serpulo-111" classname="ApplicationTests" time="0.702"/>
  <testcase name="sector-serpulo-176" classname="ApplicationTests" time="0.371"/>
  <testcase name="sector-serpulo-13" classname="ApplicationTests" time="0.178"/>
  <testcase name="sector-serpulo-259" classname="ApplicationTests" time="0.246"/>
  <testcase name="sector-serpulo-192" classname="ApplicationTests" time="0.213"/>
  <testcase name="sector-serpulo-127" classname="ApplicationTests" time="0.105"/>
  <testcase name="sector-serpulo-207" classname="ApplicationTests" time="0.208"/>
  <testcase name="sector-serpulo-94" classname="ApplicationTests" time="0.143"/>
  <testcase name="sector-serpulo-16" classname="ApplicationTests" time="0.251"/>
  <testcase name="sector-serpulo-116" classname="ApplicationTests" time="0.166"/>
  <testcase name="sector-serpulo-69" classname="ApplicationTests" time="0.292"/>
  <testcase name="sector-serpulo-92" classname="ApplicationTests" time="0.687"/>
  <testcase name="sector-serpulo-197" classname="ApplicationTests" time="0.193"/>
  <testcase name="sector-serpulo-67" classname="ApplicationTests" time="0.159"/>
  <testcase name="sector-serpulo-180" classname="ApplicationTests" time="0.13"/>
  <testcase name="sector-serpulo-55" classname="ApplicationTests" time="0.277"/>
  <testcase name="sector-serpulo-19" classname="ApplicationTests" time="0.262"/>
  <testcase name="sector-serpulo-200" classname="ApplicationTests" time="0.07"/>
  <testcase name="sector-serpulo-191" classname="ApplicationTests" time="0.173"/>
  <testcase name="sector-serpulo-6" classname="ApplicationTests" time="0.115"/>
  <testcase name="sector-serpulo-265" classname="ApplicationTests" time="0.153"/>
  <testcase name="sector-serpulo-161" classname="ApplicationTests" time="0.099"/>
  <testcase name="sector-serpulo-24" classname="ApplicationTests" time="0.27"/>
  <testcase name="sector-serpulo-263" classname="ApplicationTests" time="0.357"/>
  <testcase name="sector-serpulo-66" classname="ApplicationTests" time="0.15"/>
  <testcase name="sector-serpulo-248" classname="ApplicationTests" time="0.061"/>
  <testcase name="sector-serpulo-133" classname="ApplicationTests" time="0.301"/>
  <testcase name="sector-serpulo-185" classname="ApplicationTests" time="0.107"/>
  <testcase name="sector-serpulo-254" classname="ApplicationTests" time="0.173"/>
  <testcase name="sector-serpulo-0" classname="ApplicationTests" time="0.162"/>
  <testcase name="sector-serpulo-30" classname="ApplicationTests" time="0.153"/>
  <testcase name="sector-serpulo-20" classname="ApplicationTests" time="0.39"/>
  <testcase name="sector-serpulo-162" classname="ApplicationTests" time="0.36"/>
  <testcase name="sector-serpulo-230" classname="ApplicationTests" time="0.612"/>
  <testcase name="sector-serpulo-240" classname="ApplicationTests" time="0.097"/>
  <testcase name="sector-serpulo-202" classname="ApplicationTests" time="0.159"/>
  <testcase name="sector-serpulo-246" classname="ApplicationTests" time="0.337"/>
  <testcase name="sector-serpulo-244" classname="ApplicationTests" time="0.283"/>
  <testcase name="sector-serpulo-242" classname="ApplicationTests" time="0.499"/>
  <testcase name="sector-serpulo-243" classname="ApplicationTests" time="0.957"/>
  <testcase name="sector-serpulo-247" classname="ApplicationTests" time="0.511"/>
  <testcase name="sector-serpulo-245" classname="ApplicationTests" time="0.349"/>
  <testcase name="sector-serpulo-27" classname="ApplicationTests" time="0.405"/>
  <testcase name="fallenVessel" classname="ApplicationTests" time="0.94"/>
  <testcase name="geothermalStronghold" classname="ApplicationTests" time="0.283"/>
  <testcase name="cruxscape" classname="ApplicationTests" time="0.244"/>
  <testcase name="onset" classname="ApplicationTests" time="0.203"/>
  <testcase name="aegis" classname="ApplicationTests" time="0.157"/>
  <testcase name="lake" classname="ApplicationTests" time="0.04"/>
  <testcase name="intersect" classname="ApplicationTests" time="0.124"/>
  <testcase name="atlas" classname="ApplicationTests" time="0.226"/>
  <testcase name="split" classname="ApplicationTests" time="0.132"/>
  <testcase name="basin" classname="ApplicationTests" time="0.277"/>
  <testcase name="marsh" classname="ApplicationTests" time="0.157"/>
  <testcase name="peaks" classname="ApplicationTests" time="0.158"/>
  <testcase name="ravine" classname="ApplicationTests" time="0.053"/>
  <testcase name="caldera-erekir" classname="ApplicationTests" time="0.052"/>
  <testcase name="stronghold" classname="ApplicationTests" time="0.138"/>
  <testcase name="crevice" classname="ApplicationTests" time="0.25"/>
  <testcase name="siege" classname="ApplicationTests" time="0.119"/>
  <testcase name="crossroads" classname="ApplicationTests" time="0.123"/>
  <testcase name="karst" classname="ApplicationTests" time="0.337"/>
  <testcase name="origin" classname="ApplicationTests" time="0.422"/>
  <testcase name="manyTimers()" classname="ApplicationTests" time="0.385"/>
  <testcase name="junctionOutputCorrect()" classname="ApplicationTests" time="0.062"/>
  <testcase name="allBlockTest()" classname="ApplicationTests" time="0.053"/>
  <testcase name="conveyorBench()" classname="ApplicationTests" time="1.946"/>
  <testcase name="conveyorCrash()" classname="ApplicationTests" time="0.071"/>
  <testcase name="load152BESave()" classname="ApplicationTests" time="0.201"/>
  <testcase name="initialization()" classname="ApplicationTests" time="0.003"/>
  <system-out><![CDATA[1163.1481ms to process 24702 items
]]></system-out>
  <system-err><![CDATA[]]></system-err>
</testsuite>
