<?xml version="1.0" encoding="UTF-8"?>
<testsuite name="power.DirectConsumerTests" tests="3" skipped="0" failures="0" errors="0" timestamp="2026-09-14T17:41:13.431Z" hostname="3f4c19195ccc" time="1.0">
  <properties/>
  <testcase name="powerRequestedWithSufficientItems()" classname="power.DirectConsumerTests" time="0.024"/>
  <testcase name="noPowerRequestedWithInsufficientItems()" classname="power.DirectConsumerTests" time="0.002"/>
  <testcase name="noPowerRequestedWithNoItems()" classname="power.DirectConsumerTests" time="0.001"/>
  <system-out><![CDATA[]]></system-out>
  <system-err><![CDATA[]]></system-err>
</testsuite>
